<?xml version="1.0" encoding="UTF-8"?>
<testsuite xmlns:xsi="http://www.w3.org/2001/XMLSchema-instance" xsi:noNamespaceSchemaLocation="https://maven.apache.org/surefire/maven-surefire-plugin/xsd/surefire-test-report-3.0.xsd" version="3.0" name="com.luv2code.junitdemo.DemoUtilsTest" time="2.26" tests="8" errors="0" skipped="0" failures="0">
  <properties>
[...]
</properties>
  <testcase name="testNullAndNotNull" classname="com.luv2code.junitdemo.DemoUtilsTest" time="0.092">
    <system-out><![CDATA[running BeforeAll
BeforeEach is running
testNullAndNotNull is running
running AfterEach
]]></system-out>
  </testcase>
  <testcase name="testEqualsAndNotEquals" classname="com.luv2code.junitdemo.DemoUtilsTest" time="0.009">
    <system-out><![CDATA[BeforeEach is running
testEqualsAndNotEquals is running
running AfterEach
]]></system-out>
  </testcase>
  <testcase name="testSameAndNotSame" classname="com.luv2code.junitdemo.DemoUtilsTest" time="0.007">
    <system-out><![CDATA[BeforeEach is running
running AfterEach
]]></system-out>
  </testcase>
  <testcase name="testTrueAndFalse" classname="com.luv2code.junitdemo.DemoUtilsTest" time="0.007">
    <system-out><![CDATA[BeforeEach is running
running AfterEach
]]></system-out>
  </testcase>
  <testcase name="testTimeout" classname="com.luv2code.junitdemo.DemoUtilsTest" time="2.02">
    <system-out><![CDATA[BeforeEach is running
I am going to sleep
Sleeping over
running AfterEach
]]></system-out>
  </testcase>
  <testcase name="testArrayEquals" classname="com.luv2code.junitdemo.DemoUtilsTest" time="0.013">
    <system-out><![CDATA[BeforeEach is running
running AfterEach
]]></system-out>
  </testcase>
  <testcase name="testIterableEquals" classname="com.luv2code.junitdemo.DemoUtilsTest" time="0.005">
    <system-out><![CDATA[BeforeEach is running
running AfterEach
]]></system-out>
  </testcase>
  <testcase name="testThrowsAndDoesNotThrow" classname="com.luv2code.junitdemo.DemoUtilsTest" time="0.01">
    <system-out><![CDATA[BeforeEach is running
running AfterEach
]]></system-out>
  </testcase>
</testsuite>